<?xml version="1.0" encoding="UTF-8"?>
<!-- Generated by org.testng.reporters.JUnitReportReporter -->
<testsuite skipped="0" hostname="DESKTOP-P1LS8LR" name="com.logintestcases.CorrectPassword" tests="1" failures="0" timestamp="12 Apr 2020 12:29:47 GMT" time="23.974" errors="0">
  <testcase name="loginCorrectPassword" time="23.974" classname="com.logintestcases.CorrectPassword"/>
</testsuite> <!-- com.logintestcases.CorrectPassword -->
