<?xml version="1.0" encoding="UTF-8"?>
<!-- Generated by org.testng.reporters.JUnitReportReporter -->
<testsuite skipped="0" hostname="DESKTOP-P1LS8LR" name="com.logintestcases.BothCorrect" tests="1" failures="0" timestamp="12 Apr 2020 12:29:47 GMT" time="21.896" errors="0">
  <testcase name="CorrectUsernamendPwd" time="21.896" classname="com.logintestcases.BothCorrect"/>
</testsuite> <!-- com.logintestcases.BothCorrect -->
