<?xml version="1.0" encoding="UTF-8"?>
<!-- Generated by org.testng.reporters.JUnitReportReporter -->
<testsuite skipped="0" hostname="DESKTOP-P1LS8LR" name="com.DataDriven.test.DataProviderTest" tests="4" failures="0" timestamp="15 Apr 2020 11:35:57 GMT" time="11.392" errors="0">
  <testcase name="enterData" time="2.756" classname="com.DataDriven.test.DataProviderTest"/>
  <testcase name="enterData" time="3.376" classname="com.DataDriven.test.DataProviderTest"/>
  <testcase name="enterData" time="2.724" classname="com.DataDriven.test.DataProviderTest"/>
  <testcase name="enterData" time="2.536" classname="com.DataDriven.test.DataProviderTest"/>
</testsuite> <!-- com.DataDriven.test.DataProviderTest -->
