<?xml version="1.0" encoding="UTF-8"?>
<!-- Generated by org.testng.reporters.JUnitReportReporter -->
<testsuite skipped="0" hostname="DESKTOP-P1LS8LR" name="com.logintestcases.BothWrong" tests="1" failures="0" timestamp="12 Apr 2020 12:29:47 GMT" time="39.889" errors="0">
  <testcase name="WrongUsernamendPwd" time="39.889" classname="com.logintestcases.BothWrong"/>
</testsuite> <!-- com.logintestcases.BothWrong -->
