<?xml version="1.0" encoding="UTF-8"?>
<!-- Generated by org.testng.reporters.JUnitReportReporter -->
<testsuite skipped="0" hostname="DESKTOP-P1LS8LR" name="com.logintestcases.CorrectUsername" tests="1" failures="0" timestamp="12 Apr 2020 12:29:47 GMT" time="16.996" errors="0">
  <testcase name="loginCorrectUsername" time="16.996" classname="com.logintestcases.CorrectUsername"/>
</testsuite> <!-- com.logintestcases.CorrectUsername -->
